<?xml version="1.0" encoding="UTF-8"?>
<testng-results skipped="0" failed="0" ignored="0" total="7" passed="7">
  <reporter-output>
  </reporter-output>
  <suite name="TestNGSuite" duration-ms="40169" started-at="2022-04-01T07:46:33 IST" finished-at="2022-04-01T07:47:13 IST">
    <groups>
    </groups>
    <test name="TestNGTest" duration-ms="40169" started-at="2022-04-01T07:46:33 IST" finished-at="2022-04-01T07:47:13 IST">
      <class name="com.qa.linkedin.testcases.SearchDataDrivenTest">
        <test-method status="PASS" signature="setUp()[pri:0, instance:com.qa.linkedin.testcases.SearchDataDrivenTest@3d74bf60]" name="setUp" is-config="true" duration-ms="5769" started-at="2022-04-01T07:46:27 IST" finished-at="2022-04-01T07:46:33 IST">
          <reporter-output>
          </reporter-output>
        </test-method> <!-- setUp -->
        <test-method status="PASS" signature="initializeObjects()[pri:0, instance:com.qa.linkedin.testcases.SearchDataDrivenTest@3d74bf60]" name="initializeObjects" is-config="true" duration-ms="105" started-at="2022-04-01T07:46:33 IST" finished-at="2022-04-01T07:46:33 IST">
          <reporter-output>
          </reporter-output>
        </test-method> <!-- initializeObjects -->
        <test-method status="PASS" signature="doLoginTest()[pri:1, instance:com.qa.linkedin.testcases.SearchDataDrivenTest@3d74bf60]" name="doLoginTest" duration-ms="11957" started-at="2022-04-01T07:46:33 IST" finished-at="2022-04-01T07:46:45 IST">
          <reporter-output>
          </reporter-output>
        </test-method> <!-- doLoginTest -->
        <test-method status="PASS" signature="dosearchPeopleTest(java.lang.String)[pri:2, instance:com.qa.linkedin.testcases.SearchDataDrivenTest@3d74bf60]" name="dosearchPeopleTest" duration-ms="4498" started-at="2022-04-01T07:46:46 IST" data-provider="dp" finished-at="2022-04-01T07:46:50 IST">
          <params>
            <param index="0">
              <value>
                <![CDATA[muniraja]]>
              </value>
            </param>
          </params>
          <reporter-output>
          </reporter-output>
        </test-method> <!-- dosearchPeopleTest -->
        <test-method status="PASS" signature="dosearchPeopleTest(java.lang.String)[pri:2, instance:com.qa.linkedin.testcases.SearchDataDrivenTest@3d74bf60]" name="dosearchPeopleTest" duration-ms="5043" started-at="2022-04-01T07:46:50 IST" data-provider="dp" finished-at="2022-04-01T07:46:56 IST">
          <params>
            <param index="0">
              <value>
                <![CDATA[haritha]]>
              </value>
            </param>
          </params>
          <reporter-output>
          </reporter-output>
        </test-method> <!-- dosearchPeopleTest -->
        <test-method status="PASS" signature="dosearchPeopleTest(java.lang.String)[pri:2, instance:com.qa.linkedin.testcases.SearchDataDrivenTest@3d74bf60]" name="dosearchPeopleTest" duration-ms="4234" started-at="2022-04-01T07:46:56 IST" data-provider="dp" finished-at="2022-04-01T07:47:00 IST">
          <params>
            <param index="0">
              <value>
                <![CDATA[ramesh]]>
              </value>
            </param>
          </params>
          <reporter-output>
          </reporter-output>
        </test-method> <!-- dosearchPeopleTest -->
        <test-method status="PASS" signature="dosearchPeopleTest(java.lang.String)[pri:2, instance:com.qa.linkedin.testcases.SearchDataDrivenTest@3d74bf60]" name="dosearchPeopleTest" duration-ms="4030" started-at="2022-04-01T07:47:00 IST" data-provider="dp" finished-at="2022-04-01T07:47:04 IST">
          <params>
            <param index="0">
              <value>
                <![CDATA[vinder]]>
              </value>
            </param>
          </params>
          <reporter-output>
          </reporter-output>
        </test-method> <!-- dosearchPeopleTest -->
        <test-method status="PASS" signature="dosearchPeopleTest(java.lang.String)[pri:2, instance:com.qa.linkedin.testcases.SearchDataDrivenTest@3d74bf60]" name="dosearchPeopleTest" duration-ms="4452" started-at="2022-04-01T07:47:04 IST" data-provider="dp" finished-at="2022-04-01T07:47:08 IST">
          <params>
            <param index="0">
              <value>
                <![CDATA[Raja]]>
              </value>
            </param>
          </params>
          <reporter-output>
          </reporter-output>
        </test-method> <!-- dosearchPeopleTest -->
        <test-method status="PASS" signature="dosearchPeopleTest(java.lang.String)[pri:2, instance:com.qa.linkedin.testcases.SearchDataDrivenTest@3d74bf60]" name="dosearchPeopleTest" duration-ms="4074" started-at="2022-04-01T07:47:08 IST" data-provider="dp" finished-at="2022-04-01T07:47:12 IST">
          <params>
            <param index="0">
              <value>
                <![CDATA[charitha]]>
              </value>
            </param>
          </params>
          <reporter-output>
          </reporter-output>
        </test-method> <!-- dosearchPeopleTest -->
        <test-method status="FAIL" signature="logoutTest()[pri:0, instance:com.qa.linkedin.testcases.SearchDataDrivenTest@3d74bf60]" name="logoutTest" is-config="true" duration-ms="690" started-at="2022-04-01T07:47:12 IST" finished-at="2022-04-01T07:47:13 IST">
          <exception class="org.openqa.selenium.StaleElementReferenceException">
            <message>
              <![CDATA[stale element reference: element is not attached to the page document
  (Session info: chrome=99.0.4844.84)
For documentation on this error, please visit: https://selenium.dev/exceptions/#stale_element_reference
Build info: version: '4.1.2', revision: '9a5a329c5a'
System info: host: 'LAPTOP-50B4Q9JJ', ip: '192.168.0.59', os.name: 'Windows 10', os.arch: 'amd64', os.version: '10.0', java.version: '1.8.0_311'
Driver info: org.openqa.selenium.chrome.ChromeDriver
Command: [2f44fd2d3f3294751301be11f67135c3, isElementDisplayed {id=522e81d7-fb2f-446f-8df0-c906ac79bc71}]
Capabilities {acceptInsecureCerts: false, browserName: chrome, browserVersion: 99.0.4844.84, chrome: {chromedriverVersion: 99.0.4844.51 (d537ec02474b5..., userDataDir: C:\Users\raja\AppData\Local...}, goog:chromeOptions: {debuggerAddress: localhost:51359}, javascriptEnabled: true, networkConnectionEnabled: false, pageLoadStrategy: normal, platform: WINDOWS, platformName: WINDOWS, proxy: Proxy(), se:cdp: ws://localhost:51359/devtoo..., se:cdpVersion: 99.0.4844.84, setWindowRect: true, strictFileInteractability: false, timeouts: {implicit: 0, pageLoad: 300000, script: 30000}, unhandledPromptBehavior: dismiss and notify, webauthn:extension:credBlob: true, webauthn:extension:largeBlob: true, webauthn:virtualAuthenticators: true}
Element: [[ChromeDriver: chrome on WINDOWS (2f44fd2d3f3294751301be11f67135c3)] -> xpath: //a[@class='global-nav__secondary-link mv1'][contains(.,'Sign Out')]]
Session ID: 2f44fd2d3f3294751301be11f67135c3]]>
            </message>
            <full-stacktrace>
              <![CDATA[org.openqa.selenium.StaleElementReferenceException: stale element reference: element is not attached to the page document
  (Session info: chrome=99.0.4844.84)
For documentation on this error, please visit: https://selenium.dev/exceptions/#stale_element_reference
Build info: version: '4.1.2', revision: '9a5a329c5a'
System info: host: 'LAPTOP-50B4Q9JJ', ip: '192.168.0.59', os.name: 'Windows 10', os.arch: 'amd64', os.version: '10.0', java.version: '1.8.0_311'
Driver info: org.openqa.selenium.chrome.ChromeDriver
Command: [2f44fd2d3f3294751301be11f67135c3, isElementDisplayed {id=522e81d7-fb2f-446f-8df0-c906ac79bc71}]
Capabilities {acceptInsecureCerts: false, browserName: chrome, browserVersion: 99.0.4844.84, chrome: {chromedriverVersion: 99.0.4844.51 (d537ec02474b5..., userDataDir: C:\Users\raja\AppData\Local...}, goog:chromeOptions: {debuggerAddress: localhost:51359}, javascriptEnabled: true, networkConnectionEnabled: false, pageLoadStrategy: normal, platform: WINDOWS, platformName: WINDOWS, proxy: Proxy(), se:cdp: ws://localhost:51359/devtoo..., se:cdpVersion: 99.0.4844.84, setWindowRect: true, strictFileInteractability: false, timeouts: {implicit: 0, pageLoad: 300000, script: 30000}, unhandledPromptBehavior: dismiss and notify, webauthn:extension:credBlob: true, webauthn:extension:largeBlob: true, webauthn:virtualAuthenticators: true}
Element: [[ChromeDriver: chrome on WINDOWS (2f44fd2d3f3294751301be11f67135c3)] -> xpath: //a[@class='global-nav__secondary-link mv1'][contains(.,'Sign Out')]]
Session ID: 2f44fd2d3f3294751301be11f67135c3
at sun.reflect.NativeConstructorAccessorImpl.newInstance0(Native Method)
at sun.reflect.NativeConstructorAccessorImpl.newInstance(NativeConstructorAccessorImpl.java:62)
at sun.reflect.DelegatingConstructorAccessorImpl.newInstance(DelegatingConstructorAccessorImpl.java:45)
at java.lang.reflect.Constructor.newInstance(Constructor.java:423)
at org.openqa.selenium.remote.codec.w3c.W3CHttpResponseCodec.createException(W3CHttpResponseCodec.java:200)
at org.openqa.selenium.remote.codec.w3c.W3CHttpResponseCodec.decode(W3CHttpResponseCodec.java:133)
at org.openqa.selenium.remote.codec.w3c.W3CHttpResponseCodec.decode(W3CHttpResponseCodec.java:53)
at org.openqa.selenium.remote.HttpCommandExecutor.execute(HttpCommandExecutor.java:184)
at org.openqa.selenium.remote.service.DriverCommandExecutor.invokeExecute(DriverCommandExecutor.java:167)
at org.openqa.selenium.remote.service.DriverCommandExecutor.execute(DriverCommandExecutor.java:142)
at org.openqa.selenium.remote.RemoteWebDriver.execute(RemoteWebDriver.java:558)
at org.openqa.selenium.remote.RemoteWebElement.execute(RemoteWebElement.java:251)
at org.openqa.selenium.remote.RemoteWebElement.isDisplayed(RemoteWebElement.java:307)
at sun.reflect.GeneratedMethodAccessor6.invoke(Unknown Source)
at sun.reflect.DelegatingMethodAccessorImpl.invoke(DelegatingMethodAccessorImpl.java:43)
at java.lang.reflect.Method.invoke(Method.java:498)
at org.openqa.selenium.support.pagefactory.internal.LocatingElementHandler.invoke(LocatingElementHandler.java:52)
at com.sun.proxy.$Proxy18.isDisplayed(Unknown Source)
at org.openqa.selenium.support.ui.ExpectedConditions.elementIfVisible(ExpectedConditions.java:307)
at org.openqa.selenium.support.ui.ExpectedConditions.access$000(ExpectedConditions.java:40)
at org.openqa.selenium.support.ui.ExpectedConditions$10.apply(ExpectedConditions.java:293)
at org.openqa.selenium.support.ui.ExpectedConditions$10.apply(ExpectedConditions.java:290)
at org.openqa.selenium.support.ui.ExpectedConditions$23.apply(ExpectedConditions.java:660)
at org.openqa.selenium.support.ui.ExpectedConditions$23.apply(ExpectedConditions.java:656)
at org.openqa.selenium.support.ui.FluentWait.until(FluentWait.java:208)
at com.qa.linkedin.pages.BasePageWeb.click(BasePageWeb.java:46)
at com.qa.linkedin.pages.LinkedinLoggedinPage.doLogOut(LinkedinLoggedinPage.java:54)
at com.qa.linkedin.testcases.SearchDataDrivenTest.logoutTest(SearchDataDrivenTest.java:85)
at sun.reflect.NativeMethodAccessorImpl.invoke0(Native Method)
at sun.reflect.NativeMethodAccessorImpl.invoke(NativeMethodAccessorImpl.java:62)
at sun.reflect.DelegatingMethodAccessorImpl.invoke(DelegatingMethodAccessorImpl.java:43)
at java.lang.reflect.Method.invoke(Method.java:498)
at org.testng.internal.MethodInvocationHelper.invokeMethod(MethodInvocationHelper.java:133)
at org.testng.internal.MethodInvocationHelper.invokeMethodConsideringTimeout(MethodInvocationHelper.java:62)
at org.testng.internal.ConfigInvoker.invokeConfigurationMethod(ConfigInvoker.java:385)
at org.testng.internal.ConfigInvoker.invokeConfigurations(ConfigInvoker.java:321)
at org.testng.internal.TestMethodWorker.invokeAfterClassMethods(TestMethodWorker.java:217)
at org.testng.internal.TestMethodWorker.run(TestMethodWorker.java:130)
at java.util.ArrayList.forEach(ArrayList.java:1259)
at org.testng.TestRunner.privateRun(TestRunner.java:794)
at org.testng.TestRunner.run(TestRunner.java:596)
at org.testng.SuiteRunner.runTest(SuiteRunner.java:377)
at org.testng.SuiteRunner.runSequentially(SuiteRunner.java:371)
at org.testng.SuiteRunner.privateRun(SuiteRunner.java:332)
at org.testng.SuiteRunner.run(SuiteRunner.java:276)
at org.testng.SuiteRunnerWorker.runSuite(SuiteRunnerWorker.java:53)
at org.testng.SuiteRunnerWorker.run(SuiteRunnerWorker.java:96)
at org.testng.TestNG.runSuitesSequentially(TestNG.java:1212)
at org.testng.TestNG.runSuitesLocally(TestNG.java:1134)
at org.testng.TestNG.runSuites(TestNG.java:1063)
at org.testng.TestNG.run(TestNG.java:1031)
at org.testng.remote.AbstractRemoteTestNG.run(AbstractRemoteTestNG.java:115)
at org.testng.remote.RemoteTestNG.initAndRun(RemoteTestNG.java:251)
at org.testng.remote.RemoteTestNG.main(RemoteTestNG.java:77)
]]>
            </full-stacktrace>
          </exception> <!-- org.openqa.selenium.StaleElementReferenceException -->
          <reporter-output>
          </reporter-output>
        </test-method> <!-- logoutTest -->
        <test-method status="SKIP" signature="quitDriver()[pri:0, instance:com.qa.linkedin.testcases.SearchDataDrivenTest@3d74bf60]" name="quitDriver" is-config="true" duration-ms="-1648779434469" started-at="2022-04-01T07:47:14 IST" finished-at="1970-01-01T05:30:00 IST">
          <reporter-output>
          </reporter-output>
        </test-method> <!-- quitDriver -->
      </class> <!-- com.qa.linkedin.testcases.SearchDataDrivenTest -->
    </test> <!-- TestNGTest -->
  </suite> <!-- TestNGSuite -->
</testng-results>
